0001_0047_0016_0031_0031.jpg 1 47 16 31 31
0002_0032_0028_0030_0030.jpg 1 32 28 30 30
0003_0021_0027_0042_0042.jpg 1 21 27 42 42
0004_0033_0013_0062_0062.jpg 1 33 13 62 62
0005_0048_0048_0028_0028.jpg 1 48 48 28 28
0006_0038_0015_0051_0051.jpg 1 38 15 51 51
0007_0018_0007_0038_0038.jpg 1 18 7 38 38
0008_0007_0021_0069_0069.jpg 1 7 21 69 69
0009_0042_0040_0043_0043.jpg 1 42 40 43 43
0010_0017_0007_0040_0040.jpg 1 17 7 40 40
0011_0030_0042_0028_0028.jpg 1 30 42 28 28
0012_0064_0062_0025_0025.jpg 1 64 62 25 25
0013_0038_0018_0054_0054.jpg 1 38 18 54 54
0014_0031_0035_0056_0056.jpg 1 31 35 56 56
0015_0050_0026_0034_0034.jpg 1 50 26 34 34
0016_0046_0047_0036_0036.jpg 1 46 47 36 36
0017_0026_0006_0069_0069.jpg 1 26 6 69 69
0018_0028_0031_0061_0061.jpg 1 28 31 61 61
0019_0030_0038_0043_0043.jpg 1 30 38 43 43
0020_0043_0039_0040_0040.jpg 1 43 39 40 40
0021_0031_0031_0061_0061.jpg 1 31 31 61 61
0022_0048_0021_0043_0043.jpg 1 48 21 43 43
0023_0047_0023_0043_0043.jpg 1 47 23 43 43
0024_0012_0019_0069_0069.jpg 1 12 19 69 69
0025_0021_0003_0069_0069.jpg 1 21 3 69 69
0026_0007_0016_0052_0052.jpg 1 7 16 52 52
0027_0029_0060_0028_0028.jpg 1 29 60 28 28
0028_0053_0061_0028_0028.jpg 1 53 61 28 28
0029_0030_0014_0032_0032.jpg 1 30 14 32 32
0030_0041_0011_0048_0048.jpg 1 41 11 48 48
0031_0032_0028_0040_0040.jpg 1 32 28 40 40
0032_0046_0036_0024_0024.jpg 1 46 36 24 24
0033_0042_0024_0032_0032.jpg 1 42 24 32 32
0034_0037_0032_0057_0057.jpg 1 37 32 57 57
0035_0015_0052_0034_0034.jpg 1 15 52 34 34
0036_0049_0028_0029_0029.jpg 1 49 28 29 29
0037_0046_0036_0045_0045.jpg 1 46 36 45 45
0038_0033_0025_0059_0059.jpg 1 33 25 59 59
0039_0010_0023_0051_0051.jpg 1 10 23 51 51
0040_0008_0027_0069_0069.jpg 1 8 27 69 69
0041_0017_0039_0045_0045.jpg 1 17 39 45 45
0042_0019_0053_0024_0024.jpg 1 19 53 24 24
0043_0065_0020_0024_0024.jpg 1 65 20 24 24
0044_0029_0026_0060_0060.jpg 1 29 26 60 60
0045_0022_0008_0033_0033.jpg 1 22 8 33 33
0046_0041_0019_0035_0035.jpg 1 41 19 35 35
0047_0026_0008_0061_0061.jpg 1 26 8 61 61
0048_0015_0056_0029_0029.jpg 1 15 56 29 29
0049_0027_0017_0049_0049.jpg 1 27 17 49 49
0050_0026_0013_0068_0068.jpg 1 26 13 68 68
0051_0015_0022_0034_0034.jpg 1 15 22 34 34
0052_0027_0008_0044_0044.jpg 1 27 8 44 44
0053_0055_0042_0033_0033.jpg 1 55 42 33 33
0054_0056_0027_0031_0031.jpg 1 56 27 31 31
0055_0055_0034_0030_0030.jpg 1 55 34 30 30
0056_0004_0017_0056_0056.jpg 1 4 17 56 56
0057_0040_0031_0050_0050.jpg 1 40 31 50 50
0058_0017_0037_0058_0058.jpg 1 17 37 58 58
0059_0026_0007_0068_0068.jpg 1 26 7 68 68
0060_0021_0051_0032_0032.jpg 1 21 51 32 32
0061_0014_0020_0067_0067.jpg 1 14 20 67 67
0062_0010_0045_0036_0036.jpg 1 10 45 36 36
0063_0052_0046_0029_0029.jpg 1 52 46 29 29
0064_0036_0007_0036_0036.jpg 1 36 7 36 36
0065_0017_0022_0066_0066.jpg 1 17 22 66 66
0066_0041_0016_0026_0026.jpg 1 41 16 26 26
0067_0036_0060_0031_0031.jpg 1 36 60 31 31
0068_0047_0057_0035_0035.jpg 1 47 57 35 35
0069_0019_0013_0037_0037.jpg 1 19 13 37 37
0070_0008_0003_0066_0066.jpg 1 8 3 66 66
0071_0009_0049_0034_0034.jpg 1 9 49 34 34
0072_0008_0027_0069_0069.jpg 1 8 27 69 69
0073_0034_0050_0028_0028.jpg 1 34 50 28 28
0074_0011_0041_0048_0048.jpg 1 11 41 48 48
0075_0012_0019_0041_0041.jpg 1 12 19 41 41
0076_0025_0014_0064_0064.jpg 1 25 14 64 64
0077_0011_0027_0055_0055.jpg 1 11 27 55 55
0078_0009_0028_0060_0060.jpg 1 9 28 60 60
0079_0026_0037_0034_0034.jpg 1 26 37 34 34
0080_0023_0019_0040_0040.jpg 1 23 19 40 40
0081_0043_0006_0050_0050.jpg 1 43 6 50 50
0082_0022_0033_0024_0024.jpg 1 22 33 24 24
0083_0014_0039_0054_0054.jpg 1 14 39 54 54
0084_0008_0033_0033_0033.jpg 1 8 33 33 33
0085_0056_0038_0026_0026.jpg 1 56 38 26 26
0086_0017_0031_0041_0041.jpg 1 17 31 41 41
0087_0040_0009_0045_0045.jpg 1 40 9 45 45
0088_0035_0014_0041_0041.jpg 1 35 14 41 41
0089_0020_0032_0051_0051.jpg 1 20 32 51 51
0090_0041_0018_0051_0051.jpg 1 41 18 51 51
0091_0003_0013_0069_0069.jpg 1 3 13 69 69
0092_0064_0014_0027_0027.jpg 1 64 14 27 27
0093_0017_0011_0040_0040.jpg 1 17 11 40 40
0094_0046_0033_0040_0040.jpg 1 46 33 40 40
0095_0017_0026_0037_0037.jpg 1 17 26 37 37
0096_0038_0020_0040_0040.jpg 1 38 20 40 40
0097_0013_0030_0045_0045.jpg 1 13 30 45 45
0098_0029_0029_0061_0061.jpg 1 29 29 61 61
0099_0023_0029_0043_0043.jpg 1 23 29 43 43
0100_0014_0040_0049_0049.jpg 1 14 40 49 49
0101_0020_0034_0034_0034.jpg 1 20 34 34 34
0102_0059_0022_0028_0028.jpg 1 59 22 28 28
0103_0016_0008_0066_0066.jpg 1 16 8 66 66
0104_0052_0043_0025_0025.jpg 1 52 43 25 25
0105_0023_0027_0045_0045.jpg 1 23 27 45 45
0106_0010_0005_0042_0042.jpg 1 10 5 42 42
0107_0032_0005_0052_0052.jpg 1 32 5 52 52
0108_0030_0035_0031_0031.jpg 1 30 35 31 31
0109_0043_0008_0048_0048.jpg 1 43 8 48 48
0110_0010_0011_0033_0033.jpg 1 10 11 33 33
0111_0047_0046_0027_0027.jpg 1 47 46 27 27
0112_0034_0011_0061_0061.jpg 1 34 11 61 61
0113_0007_0011_0033_0033.jpg 1 7 11 33 33
0114_0016_0005_0062_0062.jpg 1 16 5 62 62
0115_0016_0009_0048_0048.jpg 1 16 9 48 48
0116_0036_0013_0057_0057.jpg 1 36 13 57 57
0117_0024_0030_0064_0064.jpg 1 24 30 64 64
0118_0056_0009_0031_0031.jpg 1 56 9 31 31
0119_0019_0022_0060_0060.jpg 1 19 22 60 60
0120_0005_0031_0061_0061.jpg 1 5 31 61 61
0121_0019_0033_0060_0060.jpg 1 19 33 60 60
0122_0043_0042_0030_0030.jpg 1 43 42 30 30
0123_0021_0007_0068_0068.jpg 1 21 7 68 68
0124_0034_0022_0044_0044.jpg 1 34 22 44 44
0125_0031_0047_0047_0047.jpg 1 31 47 47 47
0126_0021_0017_0026_0026.jpg 1 21 17 26 26
0127_0017_0044_0031_0031.jpg 1 17 44 31 31
0128_0062_0048_0026_0026.jpg 1 62 48 26 26
0129_0030_0032_0055_0055.jpg 1 30 32 55 55
0130_0033_0024_0043_0043.jpg 1 33 24 43 43
0131_0029_0029_0058_0058.jpg 1 29 29 58 58
0132_0048_0048_0029_0029.jpg 1 48 48 29 29
0133_0023_0038_0056_0056.jpg 1 23 38 56 56
0134_0033_0024_0036_0036.jpg 1 33 24 36 36
0135_0017_0025_0025_0025.jpg 1 17 25 25 25
0136_0026_0033_0036_0036.jpg 1 26 33 36 36
0137_0042_0052_0028_0028.jpg 1 42 52 28 28
0138_0016_0015_0025_0025.jpg 1 16 15 25 25
0139_0042_0042_0031_0031.jpg 1 42 42 31 31
0140_0020_0012_0060_0060.jpg 1 20 12 60 60
0141_0008_0026_0069_0069.jpg 1 8 26 69 69
0142_0034_0022_0024_0024.jpg 1 34 22 24 24
0143_0035_0045_0034_0034.jpg 1 35 45 34 34
0144_0043_0056_0032_0032.jpg 1 43 56 32 32
0145_0024_0010_0064_0064.jpg 1 24 10 64 64
0146_0007_0007_0068_0068.jpg 1 7 7 68 68
0147_0015_0058_0028_0028.jpg 1 15 58 28 28
0148_0039_0057_0033_0033.jpg 1 39 57 33 33
0149_0044_0025_0032_0032.jpg 1 44 25 32 32
0150_0008_0034_0061_0061.jpg 1 8 34 61 61
0151_0018_0014_0047_0047.jpg 1 18 14 47 47
0152_0014_0036_0056_0056.jpg 1 14 36 56 56
0153_0018_0030_0064_0064.jpg 1 18 30 64 64
0154_0041_0036_0046_0046.jpg 1 41 36 46 46
0155_0033_0014_0049_0049.jpg 1 33 14 49 49
0156_0011_0024_0064_0064.jpg 1 11 24 64 64
0157_0035_0008_0049_0049.jpg 1 35 8 49 49
0158_0014_0019_0048_0048.jpg 1 14 19 48 48
0159_0047_0045_0031_0031.jpg 1 47 45 31 31
0160_0013_0017_0061_0061.jpg 1 13 17 61 61
0161_0043_0035_0047_0047.jpg 1 43 35 47 47
0162_0044_0015_0036_0036.jpg 1 44 15 36 36
0163_0039_0009_0044_0044.jpg 1 39 9 44 44
0164_0055_0047_0037_0037.jpg 1 55 47 37 37
0165_0027_0019_0050_0050.jpg 1 27 19 50 50
0166_0031_0018_0059_0059.jpg 1 31 18 59 59
0167_0042_0021_0052_0052.jpg 1 42 21 52 52
0168_0016_0007_0032_0032.jpg 1 16 7 32 32
0169_0011_0036_0049_0049.jpg 1 11 36 49 49
0170_0013_0007_0066_0066.jpg 1 13 7 66 66
0171_0051_0057_0031_0031.jpg 1 51 57 31 31
0172_0051_0032_0040_0040.jpg 1 51 32 40 40
0173_0012_0019_0058_0058.jpg 1 12 19 58 58
0174_0062_0025_0025_0025.jpg 1 62 25 25 25
0175_0022_0020_0047_0047.jpg 1 22 20 47 47
0176_0024_0022_0059_0059.jpg 1 24 22 59 59
0177_0036_0034_0028_0028.jpg 1 36 34 28 28
0178_0033_0034_0036_0036.jpg 1 33 34 36 36
0179_0022_0023_0068_0068.jpg 1 22 23 68 68
0180_0010_0003_0069_0069.jpg 1 10 3 69 69
0181_0031_0005_0051_0051.jpg 1 31 5 51 51
0182_0031_0042_0042_0042.jpg 1 31 42 42 42
0183_0025_0014_0057_0057.jpg 1 25 14 57 57
0184_0009_0022_0042_0042.jpg 1 9 22 42 42
0185_0006_0018_0067_0067.jpg 1 6 18 67 67
0186_0041_0037_0025_0025.jpg 1 41 37 25 25
0187_0044_0038_0043_0043.jpg 1 44 38 43 43
0188_0008_0018_0042_0042.jpg 1 8 18 42 42
0189_0006_0027_0055_0055.jpg 1 6 27 55 55
0190_0016_0064_0026_0026.jpg 1 16 64 26 26
0191_0038_0055_0029_0029.jpg 1 38 55 29 29
0192_0028_0024_0046_0046.jpg 1 28 24 46 46
0193_0032_0049_0040_0040.jpg 1 32 49 40 40
0194_0016_0026_0037_0037.jpg 1 16 26 37 37
0195_0063_0058_0029_0029.jpg 1 63 58 29 29
0196_0031_0019_0062_0062.jpg 1 31 19 62 62
0197_0010_0029_0060_0060.jpg 1 10 29 60 60
0198_0029_0021_0059_0059.jpg 1 29 21 59 59
0199_0013_0047_0043_0043.jpg 1 13 47 43 43
0200_0015_0008_0046_0046.jpg 1 15 8 46 46
0201_0005_0033_0057_0057.jpg 1 5 33 57 57
0202_0057_0031_0027_0027.jpg 1 57 31 27 27
0203_0032_0004_0059_0059.jpg 1 32 4 59 59
0204_0027_0038_0028_0028.jpg 1 27 38 28 28
0205_0032_0021_0050_0050.jpg 1 32 21 50 50
0206_0021_0012_0043_0043.jpg 1 21 12 43 43
0207_0018_0029_0062_0062.jpg 1 18 29 62 62
0208_0028_0018_0060_0060.jpg 1 28 18 60 60
0209_0024_0019_0028_0028.jpg 1 24 19 28 28
0210_0026_0024_0026_0026.jpg 1 26 24 26 26
0211_0015_0004_0067_0067.jpg 1 15 4 67 67
0212_0050_0032_0029_0029.jpg 1 50 32 29 29
0213_0032_0005_0061_0061.jpg 1 32 5 61 61
0214_0063_0017_0027_0027.jpg 1 63 17 27 27
0215_0026_0028_0051_0051.jpg 1 26 28 51 51
0216_0030_0020_0050_0050.jpg 1 30 20 50 50
0217_0012_0026_0058_0058.jpg 1 12 26 58 58
0218_0008_0003_0069_0069.jpg 1 8 3 69 69
0219_0026_0023_0061_0061.jpg 1 26 23 61 61
0220_0029_0006_0065_0065.jpg 1 29 6 65 65
0221_0044_0037_0037_0037.jpg 1 44 37 37 37
0222_0062_0063_0028_0028.jpg 1 62 63 28 28
0223_0037_0007_0046_0046.jpg 1 37 7 46 46
0224_0034_0023_0058_0058.jpg 1 34 23 58 58
0225_0022_0027_0038_0038.jpg 1 22 27 38 38
0226_0008_0021_0035_0035.jpg 1 8 21 35 35
0227_0021_0029_0061_0061.jpg 1 21 29 61 61
0228_0031_0029_0057_0057.jpg 1 31 29 57 57
0229_0034_0036_0056_0056.jpg 1 34 36 56 56
0230_0033_0004_0059_0059.jpg 1 33 4 59 59
0231_0030_0039_0054_0054.jpg 1 30 39 54 54
0232_0020_0033_0055_0055.jpg 1 20 33 55 55
0233_0021_0040_0034_0034.jpg 1 21 40 34 34
0234_0017_0041_0032_0032.jpg 1 17 41 32 32
0235_0038_0035_0032_0032.jpg 1 38 35 32 32
0236_0009_0057_0034_0034.jpg 1 9 57 34 34
0237_0038_0010_0046_0046.jpg 1 38 10 46 46
0238_0026_0034_0030_0030.jpg 1 26 34 30 30
0239_0019_0043_0040_0040.jpg 1 19 43 40 40
0240_0014_0053_0040_0040.jpg 1 14 53 40 40
0241_0004_0004_0063_0063.jpg 1 4 4 63 63
0242_0041_0030_0029_0029.jpg 1 41 30 29 29
0243_0007_0023_0036_0036.jpg 1 7 23 36 36
0244_0041_0047_0043_0043.jpg 1 41 47 43 43
0245_0066_0018_0024_0024.jpg 1 66 18 24 24
0246_0028_0032_0060_0060.jpg 1 28 32 60 60
0247_0017_0036_0053_0053.jpg 1 17 36 53 53
0248_0024_0004_0065_0065.jpg 1 24 4 65 65
0249_0035_0011_0045_0045.jpg 1 35 11 45 45
0250_0029_0020_0046_0046.jpg 1 29 20 46 46
0251_0023_0011_0036_0036.jpg 1 23 11 36 36
0252_0027_0049_0030_0030.jpg 1 27 49 30 30
0253_0031_0023_0057_0057.jpg 1 31 23 57 57
0254_0036_0010_0057_0057.jpg 1 36 10 57 57
0255_0013_0035_0045_0045.jpg 1 13 35 45 45
0256_0036_0024_0025_0025.jpg 1 36 24 25 25
0257_0007_0041_0052_0052.jpg 1 7 41 52 52
0258_0047_0041_0025_0025.jpg 1 47 41 25 25
0259_0044_0042_0041_0041.jpg 1 44 42 41 41
0260_0034_0030_0059_0059.jpg 1 34 30 59 59
0261_0014_0013_0055_0055.jpg 1 14 13 55 55
0262_0017_0010_0065_0065.jpg 1 17 10 65 65
0263_0021_0014_0050_0050.jpg 1 21 14 50 50
0264_0062_0049_0027_0027.jpg 1 62 49 27 27
0265_0025_0025_0058_0058.jpg 1 25 25 58 58
0266_0015_0017_0069_0069.jpg 1 15 17 69 69
0267_0039_0042_0043_0043.jpg 1 39 42 43 43
0268_0031_0025_0046_0046.jpg 1 31 25 46 46
0269_0034_0030_0030_0030.jpg 1 34 30 30 30
0270_0035_0051_0031_0031.jpg 1 35 51 31 31
0271_0017_0016_0061_0061.jpg 1 17 16 61 61
0272_0035_0049_0038_0038.jpg 1 35 49 38 38
0273_0034_0048_0043_0043.jpg 1 34 48 43 43
0274_0032_0006_0035_0035.jpg 1 32 6 35 35
0275_0008_0043_0051_0051.jpg 1 8 43 51 51
0276_0026_0007_0054_0054.jpg 1 26 7 54 54
0277_0031_0018_0027_0027.jpg 1 31 18 27 27
0278_0007_0019_0058_0058.jpg 1 7 19 58 58
0279_0050_0033_0030_0030.jpg 1 50 33 30 30
0280_0021_0004_0065_0065.jpg 1 21 4 65 65
0281_0044_0019_0045_0045.jpg 1 44 19 45 45
0282_0007_0026_0064_0064.jpg 1 7 26 64 64
0283_0035_0013_0025_0025.jpg 1 35 13 25 25
0284_0031_0021_0038_0038.jpg 1 31 21 38 38
0285_0029_0017_0060_0060.jpg 1 29 17 60 60
0286_0017_0021_0033_0033.jpg 1 17 21 33 33
0287_0017_0009_0066_0066.jpg 1 17 9 66 66
0288_0005_0025_0061_0061.jpg 1 5 25 61 61
0289_0004_0020_0065_0065.jpg 1 4 20 65 65
0290_0051_0038_0042_0042.jpg 1 51 38 42 42
0291_0024_0023_0068_0068.jpg 1 24 23 68 68
0292_0020_0005_0053_0053.jpg 1 20 5 53 53
0293_0039_0030_0054_0054.jpg 1 39 30 54 54
0294_0037_0031_0025_0025.jpg 1 37 31 25 25
0295_0029_0015_0053_0053.jpg 1 29 15 53 53
0296_0032_0009_0038_0038.jpg 1 32 9 38 38
0297_0029_0030_0028_0028.jpg 1 29 30 28 28
0298_0012_0029_0060_0060.jpg 1 12 29 60 60
0299_0018_0027_0045_0045.jpg 1 18 27 45 45
0300_0058_0031_0025_0025.jpg 1 58 31 25 25
0301_0029_0013_0042_0042.jpg 1 29 13 42 42
0302_0039_0030_0040_0040.jpg 1 39 30 40 40
0303_0023_0007_0058_0058.jpg 1 23 7 58 58
0304_0028_0004_0067_0067.jpg 1 28 4 67 67
0305_0005_0029_0067_0067.jpg 1 5 29 67 67
0306_0017_0030_0026_0026.jpg 1 17 30 26 26
0307_0021_0023_0025_0025.jpg 1 21 23 25 25
0308_0035_0051_0033_0033.jpg 1 35 51 33 33
0309_0027_0016_0061_0061.jpg 1 27 16 61 61
0310_0025_0016_0034_0034.jpg 1 25 16 34 34
0311_0021_0017_0033_0033.jpg 1 21 17 33 33
0312_0046_0043_0046_0046.jpg 1 46 43 46 46
0313_0039_0019_0037_0037.jpg 1 39 19 37 37
0314_0043_0040_0040_0040.jpg 1 43 40 40 40
0315_0030_0031_0040_0040.jpg 1 30 31 40 40
0316_0045_0007_0032_0032.jpg 1 45 7 32 32
0317_0018_0022_0067_0067.jpg 1 18 22 67 67
0318_0005_0015_0067_0067.jpg 1 5 15 67 67
0319_0031_0035_0054_0054.jpg 1 31 35 54 54
0320_0032_0014_0050_0050.jpg 1 32 14 50 50
0321_0021_0023_0050_0050.jpg 1 21 23 50 50
0322_0033_0023_0057_0057.jpg 1 33 23 57 57
0323_0033_0025_0052_0052.jpg 1 33 25 52 52
0324_0031_0007_0052_0052.jpg 1 31 7 52 52
0325_0024_0008_0059_0059.jpg 1 24 8 59 59
0326_0025_0030_0024_0024.jpg 1 25 30 24 24
0327_0007_0010_0037_0037.jpg 1 7 10 37 37
0328_0051_0051_0027_0027.jpg 1 51 51 27 27
0329_0009_0010_0062_0062.jpg 1 9 10 62 62
0330_0045_0028_0027_0027.jpg 1 45 28 27 27
0331_0027_0015_0046_0046.jpg 1 27 15 46 46
0332_0010_0021_0048_0048.jpg 1 10 21 48 48
0333_0026_0010_0037_0037.jpg 1 26 10 37 37
0334_0021_0031_0041_0041.jpg 1 21 31 41 41
0335_0022_0032_0053_0053.jpg 1 22 32 53 53
0336_0026_0026_0064_0064.jpg 1 26 26 64 64
0337_0004_0010_0063_0063.jpg 1 4 10 63 63
0338_0028_0028_0055_0055.jpg 1 28 28 55 55
0339_0052_0028_0034_0034.jpg 1 52 28 34 34
0340_0027_0027_0063_0063.jpg 1 27 27 63 63
0341_0022_0019_0069_0069.jpg 1 22 19 69 69
0342_0010_0008_0063_0063.jpg 1 10 8 63 63
0343_0039_0038_0044_0044.jpg 1 39 38 44 44
0344_0022_0011_0050_0050.jpg 1 22 11 50 50
0345_0013_0036_0055_0055.jpg 1 13 36 55 55
0346_0043_0043_0034_0034.jpg 1 43 43 34 34
0347_0004_0003_0068_0068.jpg 1 4 3 68 68
0348_0026_0027_0035_0035.jpg 1 26 27 35 35
0349_0026_0020_0061_0061.jpg 1 26 20 61 61
0350_0006_0019_0066_0066.jpg 1 6 19 66 66
0351_0018_0011_0067_0067.jpg 1 18 11 67 67
0352_0012_0012_0065_0065.jpg 1 12 12 65 65
0353_0011_0004_0059_0059.jpg 1 11 4 59 59
0354_0017_0024_0049_0049.jpg 1 17 24 49 49
0355_0037_0033_0047_0047.jpg 1 37 33 47 47
0356_0016_0008_0069_0069.jpg 1 16 8 69 69
0357_0061_0063_0029_0029.jpg 1 61 63 29 29
0358_0038_0027_0055_0055.jpg 1 38 27 55 55
0359_0006_0005_0069_0069.jpg 1 6 5 69 69
0360_0053_0015_0027_0027.jpg 1 53 15 27 27
0361_0041_0015_0045_0045.jpg 1 41 15 45 45
0362_0007_0018_0064_0064.jpg 1 7 18 64 64
0363_0055_0044_0028_0028.jpg 1 55 44 28 28
0364_0021_0008_0056_0056.jpg 1 21 8 56 56
0365_0016_0037_0049_0049.jpg 1 16 37 49 49
0366_0016_0028_0051_0051.jpg 1 16 28 51 51
0367_0011_0013_0062_0062.jpg 1 11 13 62 62
0368_0044_0048_0045_0045.jpg 1 44 48 45 45
0369_0062_0013_0030_0030.jpg 1 62 13 30 30
0370_0016_0013_0064_0064.jpg 1 16 13 64 64
0371_0049_0009_0036_0036.jpg 1 49 9 36 36
0372_0026_0017_0069_0069.jpg 1 26 17 69 69
0373_0026_0011_0054_0054.jpg 1 26 11 54 54
0374_0029_0005_0065_0065.jpg 1 29 5 65 65
0375_0026_0028_0043_0043.jpg 1 26 28 43 43
0376_0020_0029_0066_0066.jpg 1 20 29 66 66
0377_0030_0005_0064_0064.jpg 1 30 5 64 64
0378_0022_0023_0055_0055.jpg 1 22 23 55 55
0379_0007_0019_0048_0048.jpg 1 7 19 48 48
0380_0034_0019_0033_0033.jpg 1 34 19 33 33
0381_0013_0027_0027_0027.jpg 1 13 27 27 27
0382_0041_0038_0026_0026.jpg 1 41 38 26 26
0383_0018_0013_0047_0047.jpg 1 18 13 47 47
0384_0013_0043_0049_0049.jpg 1 13 43 49 49
0385_0040_0034_0035_0035.jpg 1 40 34 35 35
0386_0032_0041_0029_0029.jpg 1 32 41 29 29
0387_0032_0011_0051_0051.jpg 1 32 11 51 51
0388_0033_0013_0035_0035.jpg 1 33 13 35 35
0389_0008_0059_0031_0031.jpg 1 8 59 31 31
0390_0050_0036_0037_0037.jpg 1 50 36 37 37
0391_0033_0030_0055_0055.jpg 1 33 30 55 55
0392_0008_0017_0060_0060.jpg 1 8 17 60 60
0393_0026_0044_0040_0040.jpg 1 26 44 40 40
0394_0040_0014_0036_0036.jpg 1 40 14 36 36
0395_0062_0064_0025_0025.jpg 1 62 64 25 25
0396_0014_0012_0066_0066.jpg 1 14 12 66 66
0397_0009_0031_0026_0026.jpg 1 9 31 26 26
0398_0031_0056_0027_0027.jpg 1 31 56 27 27
0399_0020_0067_0024_0024.jpg 1 20 67 24 24
0400_0005_0030_0059_0059.jpg 1 5 30 59 59
0401_0006_0013_0064_0064.jpg 1 6 13 64 64
0402_0005_0034_0053_0053.jpg 1 5 34 53 53
0403_0061_0033_0026_0026.jpg 1 61 33 26 26
0404_0015_0004_0061_0061.jpg 1 15 4 61 61
0405_0035_0045_0046_0046.jpg 1 35 45 46 46
0406_0041_0026_0045_0045.jpg 1 41 26 45 45
0407_0016_0016_0049_0049.jpg 1 16 16 49 49
0408_0011_0006_0055_0055.jpg 1 11 6 55 55
0409_0052_0023_0024_0024.jpg 1 52 23 24 24
0410_0032_0021_0027_0027.jpg 1 32 21 27 27
0411_0048_0011_0040_0040.jpg 1 48 11 40 40
0412_0054_0007_0038_0038.jpg 1 54 7 38 38
0413_0046_0019_0042_0042.jpg 1 46 19 42 42
0414_0037_0040_0040_0040.jpg 1 37 40 40 40
0415_0041_0026_0026_0026.jpg 1 41 26 26 26
0416_0013_0006_0037_0037.jpg 1 13 6 37 37
0417_0052_0028_0031_0031.jpg 1 52 28 31 31
0418_0014_0016_0050_0050.jpg 1 14 16 50 50
0419_0030_0027_0057_0057.jpg 1 30 27 57 57
0420_0065_0062_0025_0025.jpg 1 65 62 25 25
0421_0020_0019_0061_0061.jpg 1 20 19 61 61
0422_0039_0044_0044_0044.jpg 1 39 44 44 44
0423_0039_0039_0041_0041.jpg 1 39 39 41 41
0424_0016_0020_0060_0060.jpg 1 16 20 60 60
0425_0034_0042_0043_0043.jpg 1 34 42 43 43
0426_0038_0017_0050_0050.jpg 1 38 17 50 50
0427_0031_0051_0029_0029.jpg 1 31 51 29 29
0428_0021_0047_0026_0026.jpg 1 21 47 26 26
0429_0017_0040_0033_0033.jpg 1 17 40 33 33
0430_0018_0046_0047_0047.jpg 1 18 46 47 47
0431_0028_0030_0043_0043.jpg 1 28 30 43 43
0432_0033_0011_0061_0061.jpg 1 33 11 61 61
0433_0016_0015_0032_0032.jpg 1 16 15 32 32
0434_0061_0025_0027_0027.jpg 1 61 25 27 27
0435_0015_0022_0061_0061.jpg 1 15 22 61 61
0436_0042_0017_0032_0032.jpg 1 42 17 32 32
0437_0012_0034_0034_0034.jpg 1 12 34 34 34
0438_0032_0046_0036_0036.jpg 1 32 46 36 36
0439_0029_0005_0053_0053.jpg 1 29 5 53 53
0440_0019_0036_0047_0047.jpg 1 19 36 47 47
0441_0015_0042_0052_0052.jpg 1 15 42 52 52
0442_0034_0026_0053_0053.jpg 1 34 26 53 53
0443_0022_0015_0058_0058.jpg 1 22 15 58 58
0444_0021_0016_0064_0064.jpg 1 21 16 64 64
0445_0005_0026_0066_0066.jpg 1 5 26 66 66
0446_0014_0013_0037_0037.jpg 1 14 13 37 37
0447_0036_0035_0055_0055.jpg 1 36 35 55 55
0448_0012_0028_0061_0061.jpg 1 12 28 61 61
0449_0008_0027_0051_0051.jpg 1 8 27 51 51
0450_0013_0021_0064_0064.jpg 1 13 21 64 64
0451_0024_0004_0056_0056.jpg 1 24 4 56 56
0452_0029_0031_0041_0041.jpg 1 29 31 41 41
0453_0030_0050_0037_0037.jpg 1 30 50 37 37
0454_0029_0019_0042_0042.jpg 1 29 19 42 42
0455_0029_0020_0053_0053.jpg 1 29 20 53 53
0456_0022_0027_0067_0067.jpg 1 22 27 67 67
0457_0045_0021_0030_0030.jpg 1 45 21 30 30
0458_0032_0021_0055_0055.jpg 1 32 21 55 55
0459_0051_0054_0025_0025.jpg 1 51 54 25 25
0460_0020_0051_0038_0038.jpg 1 20 51 38 38
0461_0019_0033_0040_0040.jpg 1 19 33 40 40
0462_0008_0033_0055_0055.jpg 1 8 33 55 55
0463_0018_0011_0039_0039.jpg 1 18 11 39 39
0464_0012_0027_0044_0044.jpg 1 12 27 44 44
0465_0030_0006_0039_0039.jpg 1 30 6 39 39
0466_0026_0059_0031_0031.jpg 1 26 59 31 31
0467_0040_0063_0026_0026.jpg 1 40 63 26 26
0468_0053_0039_0038_0038.jpg 1 53 39 38 38
0469_0044_0040_0046_0046.jpg 1 44 40 46 46
0470_0032_0006_0056_0056.jpg 1 32 6 56 56
0471_0038_0030_0026_0026.jpg 1 38 30 26 26
0472_0005_0010_0062_0062.jpg 1 5 10 62 62
0473_0006_0013_0065_0065.jpg 1 6 13 65 65
0474_0024_0026_0036_0036.jpg 1 24 26 36 36
0475_0021_0011_0045_0045.jpg 1 21 11 45 45
0476_0056_0029_0025_0025.jpg 1 56 29 25 25
0477_0017_0036_0058_0058.jpg 1 17 36 58 58
0478_0029_0015_0063_0063.jpg 1 29 15 63 63
0479_0022_0033_0034_0034.jpg 1 22 33 34 34
0480_0037_0051_0030_0030.jpg 1 37 51 30 30
0481_0005_0017_0059_0059.jpg 1 5 17 59 59
0482_0031_0032_0061_0061.jpg 1 31 32 61 61
0483_0037_0011_0038_0038.jpg 1 37 11 38 38
0484_0039_0007_0055_0055.jpg 1 39 7 55 55
0485_0062_0038_0024_0024.jpg 1 62 38 24 24
0486_0012_0034_0030_0030.jpg 1 12 34 30 30
0487_0006_0027_0039_0039.jpg 1 6 27 39 39
0488_0015_0006_0057_0057.jpg 1 15 6 57 57
0489_0025_0011_0068_0068.jpg 1 25 11 68 68
0490_0031_0030_0056_0056.jpg 1 31 30 56 56
0491_0037_0009_0051_0051.jpg 1 37 9 51 51
0492_0044_0013_0036_0036.jpg 1 44 13 36 36
0493_0033_0006_0039_0039.jpg 1 33 6 39 39
0494_0026_0021_0060_0060.jpg 1 26 21 60 60
0495_0047_0016_0037_0037.jpg 1 47 16 37 37
0496_0045_0048_0045_0045.jpg 1 45 48 45 45
0497_0021_0036_0053_0053.jpg 1 21 36 53 53
0498_0066_0018_0024_0024.jpg 1 66 18 24 24
0499_0005_0020_0067_0067.jpg 1 5 20 67 67
0500_0025_0013_0055_0055.jpg 1 25 13 55 55
0501_0040_0029_0041_0041.jpg 1 40 29 41 41
0502_0049_0035_0028_0028.jpg 1 49 35 28 28
0503_0036_0009_0025_0025.jpg 1 36 9 25 25
0504_0010_0018_0058_0058.jpg 1 10 18 58 58
0505_0017_0012_0053_0053.jpg 1 17 12 53 53
0506_0057_0049_0029_0029.jpg 1 57 49 29 29
0507_0011_0032_0044_0044.jpg 1 11 32 44 44
0508_0027_0048_0042_0042.jpg 1 27 48 42 42
0509_0040_0033_0049_0049.jpg 1 40 33 49 49
0510_0025_0047_0030_0030.jpg 1 25 47 30 30
0511_0039_0045_0027_0027.jpg 1 39 45 27 27
0512_0015_0023_0065_0065.jpg 1 15 23 65 65
0513_0008_0014_0048_0048.jpg 1 8 14 48 48
0514_0029_0052_0041_0041.jpg 1 29 52 41 41
0515_0040_0007_0046_0046.jpg 1 40 7 46 46
0516_0016_0009_0062_0062.jpg 1 16 9 62 62
0517_0026_0035_0053_0053.jpg 1 26 35 53 53
0518_0032_0024_0052_0052.jpg 1 32 24 52 52
0519_0006_0015_0060_0060.jpg 1 6 15 60 60
0520_0048_0050_0026_0026.jpg 1 48 50 26 26
0521_0027_0011_0066_0066.jpg 1 27 11 66 66
0522_0051_0028_0036_0036.jpg 1 51 28 36 36
0523_0048_0019_0036_0036.jpg 1 48 19 36 36
0524_0009_0010_0054_0054.jpg 1 9 10 54 54
0525_0045_0024_0049_0049.jpg 1 45 24 49 49
0526_0028_0026_0062_0062.jpg 1 28 26 62 62
0527_0009_0017_0063_0063.jpg 1 9 17 63 63
0528_0021_0038_0030_0030.jpg 1 21 38 30 30
0529_0026_0026_0038_0038.jpg 1 26 26 38 38
0530_0019_0058_0034_0034.jpg 1 19 58 34 34
0531_0026_0012_0025_0025.jpg 1 26 12 25 25
0532_0015_0049_0025_0025.jpg 1 15 49 25 25
0533_0010_0008_0052_0052.jpg 1 10 8 52 52
0534_0022_0051_0041_0041.jpg 1 22 51 41 41
0535_0039_0023_0040_0040.jpg 1 39 23 40 40
0536_0014_0018_0061_0061.jpg 1 14 18 61 61
0537_0030_0005_0064_0064.jpg 1 30 5 64 64
0538_0017_0021_0055_0055.jpg 1 17 21 55 55
0539_0039_0050_0037_0037.jpg 1 39 50 37 37
0540_0019_0017_0065_0065.jpg 1 19 17 65 65
0541_0012_0008_0035_0035.jpg 1 12 8 35 35
0542_0037_0008_0028_0028.jpg 1 37 8 28 28
0543_0024_0046_0046_0046.jpg 1 24 46 46 46
0544_0006_0048_0045_0045.jpg 1 6 48 45 45
0545_0023_0013_0055_0055.jpg 1 23 13 55 55
0546_0032_0036_0047_0047.jpg 1 32 36 47 47
0547_0045_0011_0046_0046.jpg 1 45 11 46 46
0548_0022_0043_0047_0047.jpg 1 22 43 47 47
0549_0017_0022_0036_0036.jpg 1 17 22 36 36
0550_0011_0004_0059_0059.jpg 1 11 4 59 59
0551_0034_0057_0026_0026.jpg 1 34 57 26 26
0552_0032_0021_0032_0032.jpg 1 32 21 32 32
0553_0008_0010_0062_0062.jpg 1 8 10 62 62
0554_0031_0004_0056_0056.jpg 1 31 4 56 56
0555_0039_0014_0026_0026.jpg 1 39 14 26 26
0556_0020_0022_0052_0052.jpg 1 20 22 52 52
0557_0010_0019_0027_0027.jpg 1 10 19 27 27
0558_0016_0018_0061_0061.jpg 1 16 18 61 61
0559_0025_0021_0054_0054.jpg 1 25 21 54 54
0560_0027_0028_0051_0051.jpg 1 27 28 51 51
0561_0004_0013_0062_0062.jpg 1 4 13 62 62
0562_0039_0027_0041_0041.jpg 1 39 27 41 41
0563_0033_0014_0033_0033.jpg 1 33 14 33 33
0564_0016_0045_0028_0028.jpg 1 16 45 28 28
0565_0031_0016_0064_0064.jpg 1 31 16 64 64
0566_0022_0020_0068_0068.jpg 1 22 20 68 68
0567_0026_0024_0032_0032.jpg 1 26 24 32 32
0568_0010_0013_0040_0040.jpg 1 10 13 40 40
0569_0009_0032_0048_0048.jpg 1 9 32 48 48
0570_0041_0033_0043_0043.jpg 1 41 33 43 43
0571_0012_0042_0034_0034.jpg 1 12 42 34 34
0572_0012_0023_0062_0062.jpg 1 12 23 62 62
0573_0023_0023_0045_0045.jpg 1 23 23 45 45
0574_0048_0035_0030_0030.jpg 1 48 35 30 30
0575_0020_0010_0035_0035.jpg 1 20 10 35 35
0576_0022_0010_0054_0054.jpg 1 22 10 54 54
0577_0020_0009_0065_0065.jpg 1 20 9 65 65
0578_0021_0020_0065_0065.jpg 1 21 20 65 65
0579_0035_0035_0050_0050.jpg 1 35 35 50 50
0580_0047_0018_0044_0044.jpg 1 47 18 44 44
0581_0031_0053_0031_0031.jpg 1 31 53 31 31
0582_0023_0045_0036_0036.jpg 1 23 45 36 36
0583_0012_0039_0048_0048.jpg 1 12 39 48 48
0584_0035_0037_0055_0055.jpg 1 35 37 55 55
0585_0005_0019_0065_0065.jpg 1 5 19 65 65
0586_0025_0033_0055_0055.jpg 1 25 33 55 55
0587_0008_0047_0031_0031.jpg 1 8 47 31 31
0588_0030_0005_0050_0050.jpg 1 30 5 50 50
0589_0023_0036_0055_0055.jpg 1 23 36 55 55
0590_0047_0009_0038_0038.jpg 1 47 9 38 38
0591_0045_0061_0025_0025.jpg 1 45 61 25 25
0592_0009_0020_0056_0056.jpg 1 9 20 56 56
0593_0039_0045_0048_0048.jpg 1 39 45 48 48
0594_0005_0033_0052_0052.jpg 1 5 33 52 52
0595_0027_0022_0066_0066.jpg 1 27 22 66 66
0596_0029_0026_0059_0059.jpg 1 29 26 59 59
0597_0028_0028_0061_0061.jpg 1 28 28 61 61
0598_0020_0031_0058_0058.jpg 1 20 31 58 58
0599_0013_0046_0044_0044.jpg 1 13 46 44 44
0600_0025_0015_0069_0069.jpg 1 25 15 69 69
